<?xml version="1.0" encoding="UTF-8"?>
<testsuite name="com.tickets.gateway.service.AuthServiceTest" tests="9" skipped="0" failures="0" errors="0" timestamp="2026-04-01T00:41:23.716Z" hostname="NITRO" time="0.824">
  <properties/>
  <testcase name="testLogin_errorMessageIsGeneric()" classname="com.tickets.gateway.service.AuthServiceTest" time="0.198"/>
  <testcase name="testGetCurrentUser_withValidId_returnsProfile()" classname="com.tickets.gateway.service.AuthServiceTest" time="0.063"/>
  <testcase name="testLogin_withInvalidPassword_throwsUnauthorized()" classname="com.tickets.gateway.service.AuthServiceTest" time="0.12"/>
  <testcase name="testRegister_withValidData_savesWithBCrypt()" classname="com.tickets.gateway.service.AuthServiceTest" time="0.182"/>
  <testcase name="testRegisterBuyer_withValidData_returnsBuyerJwt()" classname="com.tickets.gateway.service.AuthServiceTest" time="0.124"/>
  <testcase name="testRegister_withExistingEmail_throwsConflict()" classname="com.tickets.gateway.service.AuthServiceTest" time="0.003"/>
  <testcase name="testLogin_withValidCredentials_returnsToken()" classname="com.tickets.gateway.service.AuthServiceTest" time="0.126"/>
  <testcase name="testLogin_withNonExistentEmail_throwsUnauthorized()" classname="com.tickets.gateway.service.AuthServiceTest" time="0.002"/>
  <testcase name="testRegisterBuyer_withDuplicateEmail_throwsConflict()" classname="com.tickets.gateway.service.AuthServiceTest" time="0.001"/>
  <system-out><![CDATA[2026-03-31T19:41:24.219-05:00  INFO 33516 --- [api-gateway] [    Test worker] c.tickets.gateway.service.AuthService    : New admin registered: new@example.com
2026-03-31T19:41:24.404-05:00  INFO 33516 --- [api-gateway] [    Test worker] c.tickets.gateway.service.AuthService    : New buyer registered: buyer@example.com
]]></system-out>
  <system-err><![CDATA[]]></system-err>
</testsuite>
