<?xml version="1.0" encoding="UTF-8"?>
<testsuite name="com.tickets.gateway.service.AuthServiceTest" tests="6" skipped="0" failures="0" errors="0" timestamp="2026-03-31T21:48:17.469Z" hostname="NITRO" time="0.668">
  <properties/>
  <testcase name="testLogin_errorMessageIsGeneric()" classname="com.tickets.gateway.service.AuthServiceTest" time="0.223"/>
  <testcase name="testLogin_withInvalidPassword_throwsUnauthorized()" classname="com.tickets.gateway.service.AuthServiceTest" time="0.124"/>
  <testcase name="testRegister_withValidData_savesWithBCrypt()" classname="com.tickets.gateway.service.AuthServiceTest" time="0.19"/>
  <testcase name="testRegister_withExistingEmail_throwsConflict()" classname="com.tickets.gateway.service.AuthServiceTest" time="0.002"/>
  <testcase name="testLogin_withValidCredentials_returnsToken()" classname="com.tickets.gateway.service.AuthServiceTest" time="0.123"/>
  <testcase name="testLogin_withNonExistentEmail_throwsUnauthorized()" classname="com.tickets.gateway.service.AuthServiceTest" time="0.001"/>
  <system-out><![CDATA[2026-03-31T16:48:17.944-05:00  INFO 33616 --- [api-gateway] [    Test worker] c.tickets.gateway.service.AuthService    : New admin registered: new@example.com
]]></system-out>
  <system-err><![CDATA[]]></system-err>
</testsuite>
