<?xml version="1.0" encoding="UTF-8"?>
<testsuite name="com.tickets.gateway.controller.AuthControllerTest" tests="9" skipped="0" failures="0" errors="0" timestamp="2026-04-01T00:41:22.693Z" hostname="NITRO" time="0.779">
  <properties/>
  <testcase name="testRegister_withDuplicateEmail_returns409()" classname="com.tickets.gateway.controller.AuthControllerTest" time="0.652"/>
  <testcase name="testLogin_whenRateLimitExceeded_returns429()" classname="com.tickets.gateway.controller.AuthControllerTest" time="0.023"/>
  <testcase name="testGetMe_withValidAuthenticatedHeader_returnsProfile()" classname="com.tickets.gateway.controller.AuthControllerTest" time="0.016"/>
  <testcase name="testGetMe_withoutAuthenticatedHeader_returns401()" classname="com.tickets.gateway.controller.AuthControllerTest" time="0.008"/>
  <testcase name="testRegisterBuyer_withDuplicateEmail_returns409()" classname="com.tickets.gateway.controller.AuthControllerTest" time="0.015"/>
  <testcase name="testRegister_withValidData_returns201()" classname="com.tickets.gateway.controller.AuthControllerTest" time="0.012"/>
  <testcase name="testRegisterBuyer_withValidData_returns201WithBuyerJwt()" classname="com.tickets.gateway.controller.AuthControllerTest" time="0.013"/>
  <testcase name="testLogin_withValidCredentials_returns200WithToken()" classname="com.tickets.gateway.controller.AuthControllerTest" time="0.012"/>
  <testcase name="testLogin_withInvalidCredentials_returns401()" classname="com.tickets.gateway.controller.AuthControllerTest" time="0.01"/>
  <system-out><![CDATA[19:41:19.640 [Test worker] INFO org.springframework.test.context.support.AnnotationConfigContextLoaderUtils -- Could not detect default configuration classes for test class [com.tickets.gateway.controller.AuthControllerTest]: AuthControllerTest does not declare any static, non-private, non-final, nested classes annotated with @Configuration.
19:41:19.836 [Test worker] INFO org.springframework.boot.test.context.SpringBootTestContextBootstrapper -- Found @SpringBootConfiguration com.tickets.gateway.ApiGatewayApplication for test class com.tickets.gateway.controller.AuthControllerTest
  .   ____          _            __ _ _
 /\\ / ___'_ __ _ _(_)_ __  __ _ \ \ \ \
( ( )\___ | '_ | '_| | '_ \/ _` | \ \ \ \
 \\/  ___)| |_)| | | | | || (_| |  ) ) ) )
  '  |____| .__|_| |_|_| |_\__, | / / / /
 =========|_|==============|___/=/_/_/_/

 :: Spring Boot ::                (v3.3.0)

2026-03-31T19:41:20.487-05:00  INFO 33516 --- [api-gateway] [    Test worker] c.t.g.controller.AuthControllerTest      : Starting AuthControllerTest using Java 17.0.18 with PID 33516 (started by luisR in C:\Sofka\TICKETING_SEM7\api-gateway)
2026-03-31T19:41:20.489-05:00  INFO 33516 --- [api-gateway] [    Test worker] c.t.g.controller.AuthControllerTest      : No active profile set, falling back to 1 default profile: "default"
2026-03-31T19:41:22.595-05:00  INFO 33516 --- [api-gateway] [    Test worker] ctiveUserDetailsServiceAutoConfiguration : 

Using generated security password: 20dbe787-521b-4dcf-9e2a-b2f93b3402ef

2026-03-31T19:41:22.675-05:00  INFO 33516 --- [api-gateway] [    Test worker] c.t.g.controller.AuthControllerTest      : Started AuthControllerTest in 2.761 seconds (process running for 4.022)
]]></system-out>
  <system-err><![CDATA[]]></system-err>
</testsuite>
